<?xml version="1.0" encoding="UTF-8"?>
<!-- Generated by org.testng.reporters.JUnitXMLReporter -->
<testsuite ignored="0" hostname="DESKTOP-IRSR8MK" failures="0" tests="3" name="Default test" time="6.973" errors="0" timestamp="2025-10-13T14:59:13 IST">
  <testcase classname="com.orangeHRM.test.SampleTest" name="verifyTitle" time="0.033"/>
  <testcase classname="com.orangeHRM.test.SampleTest" name="verifyUrl" time="0.033"/>
  <testcase classname="com.orangeHRM.test.SampleTest" name="verifyCreateAccount" time="2.682"/>
</testsuite> <!-- Default test -->
