<?xml version="1.0" encoding="UTF-8"?>
<!-- Generated by org.testng.reporters.JUnitXMLReporter -->
<testsuite ignored="0" hostname="DESKTOP-IRSR8MK" failures="0" tests="3" name="Default test" time="9.254" errors="0" timestamp="2025-10-15T14:43:43 IST">
  <testcase classname="com.orangeHRM.test.SampleTest" name="verifyTitle" time="0.038"/>
  <testcase classname="com.orangeHRM.test.SampleTest" name="verifyUrl" time="0.015"/>
  <testcase classname="com.orangeHRM.test.SampleTest" name="verifyCreateAccount" time="2.428"/>
</testsuite> <!-- Default test -->
