<?xml version="1.0" encoding="UTF-8"?>
<testng-results ignored="0" total="3" passed="3" failed="0" skipped="0">
  <reporter-output>
  </reporter-output>
  <suite started-at="2025-10-10T14:24:42 IST" name="Default suite" finished-at="2025-10-10T14:24:48 IST" duration-ms="6129">
    <groups>
    </groups>
    <test started-at="2025-10-10T14:24:42 IST" name="Default test" finished-at="2025-10-10T14:24:48 IST" duration-ms="6129">
      <class name="com.orangeHRM.test.SampleTest">
        <test-method is-config="true" signature="setup()[pri:0, instance:com.orangeHRM.test.SampleTest@4c402120]" started-at="2025-10-10T14:24:42 IST" name="setup" finished-at="2025-10-10T14:24:45 IST" duration-ms="3389" status="PASS">
          <reporter-output>
          </reporter-output>
        </test-method> <!-- setup -->
        <test-method signature="verifyTitle()[pri:0, instance:com.orangeHRM.test.SampleTest@4c402120]" started-at="2025-10-10T14:24:45 IST" name="verifyTitle" finished-at="2025-10-10T14:24:45 IST" duration-ms="19" status="PASS">
          <reporter-output>
          </reporter-output>
        </test-method> <!-- verifyTitle -->
        <test-method signature="verifyUrl()[pri:1, instance:com.orangeHRM.test.SampleTest@4c402120]" started-at="2025-10-10T14:24:45 IST" name="verifyUrl" finished-at="2025-10-10T14:24:45 IST" duration-ms="10" status="PASS">
          <reporter-output>
          </reporter-output>
        </test-method> <!-- verifyUrl -->
        <test-method signature="verifyCreateAccount()[pri:2, instance:com.orangeHRM.test.SampleTest@4c402120]" started-at="2025-10-10T14:24:45 IST" name="verifyCreateAccount" finished-at="2025-10-10T14:24:48 IST" duration-ms="2647" status="PASS">
          <reporter-output>
          </reporter-output>
        </test-method> <!-- verifyCreateAccount -->
      </class> <!-- com.orangeHRM.test.SampleTest -->
    </test> <!-- Default test -->
  </suite> <!-- Default suite -->
</testng-results>
